<?xml version="1.0" encoding="UTF-8"?>
<coverage generated="1677183251245" clover="3.2.0">
  <project timestamp="1677183251245" name="All files">
    <metrics statements="152" coveredstatements="140" conditionals="30" coveredconditionals="21" methods="58" coveredmethods="51" elements="240" coveredelements="212" complexity="0" loc="152" ncloc="152" packages="12" files="13" classes="13"/>
    <package name="src">
      <metrics statements="1" coveredstatements="1" conditionals="0" coveredconditionals="0" methods="1" coveredmethods="1"/>
      <file name="App.js" path="C:\react-course-dec-2022\spark-clothing-shop\src\App.js">
        <metrics statements="1" coveredstatements="1" conditionals="0" coveredconditionals="0" methods="1" coveredmethods="1"/>
        <line num="9" count="1" type="stmt"/>
      </file>
    </package>
    <package name="src.components.Footer">
      <metrics statements="6" coveredstatements="6" conditionals="0" coveredconditionals="0" methods="1" coveredmethods="1"/>
      <file name="Footer.js" path="C:\react-course-dec-2022\spark-clothing-shop\src\components\Footer\Footer.js">
        <metrics statements="6" coveredstatements="6" conditionals="0" coveredconditionals="0" methods="1" coveredmethods="1"/>
        <line num="9" count="2" type="stmt"/>
        <line num="10" count="2" type="stmt"/>
        <line num="12" count="2" type="stmt"/>
        <line num="13" count="2" type="stmt"/>
        <line num="58" count="2" type="stmt"/>
        <line num="62" count="2" type="stmt"/>
      </file>
    </package>
    <package name="src.components.Header">
      <metrics statements="1" coveredstatements="1" conditionals="0" coveredconditionals="0" methods="1" coveredmethods="1"/>
      <file name="Header.js" path="C:\react-course-dec-2022\spark-clothing-shop\src\components\Header\Header.js">
        <metrics statements="1" coveredstatements="1" conditionals="0" coveredconditionals="0" methods="1" coveredmethods="1"/>
        <line num="10" count="2" type="stmt"/>
      </file>
    </package>
    <package name="src.components.NavBar">
      <metrics statements="7" coveredstatements="7" conditionals="0" coveredconditionals="0" methods="3" coveredmethods="3"/>
      <file name="MenuItem.js" path="C:\react-course-dec-2022\spark-clothing-shop\src\components\NavBar\MenuItem.js">
        <metrics statements="3" coveredstatements="3" conditionals="0" coveredconditionals="0" methods="1" coveredmethods="1"/>
        <line num="6" count="3" type="stmt"/>
        <line num="7" count="9" type="stmt"/>
        <line num="20" count="3" type="stmt"/>
      </file>
      <file name="NavBar.js" path="C:\react-course-dec-2022\spark-clothing-shop\src\components\NavBar\NavBar.js">
        <metrics statements="4" coveredstatements="4" conditionals="0" coveredconditionals="0" methods="2" coveredmethods="2"/>
        <line num="11" count="2" type="stmt"/>
        <line num="41" count="2" type="stmt"/>
        <line num="42" count="2" type="stmt"/>
        <line num="47" count="8" type="stmt"/>
      </file>
    </package>
    <package name="src.pages.AboutPage">
      <metrics statements="10" coveredstatements="10" conditionals="2" coveredconditionals="2" methods="4" coveredmethods="4"/>
      <file name="AboutPage.js" path="C:\react-course-dec-2022\spark-clothing-shop\src\pages\AboutPage\AboutPage.js">
        <metrics statements="10" coveredstatements="10" conditionals="2" coveredconditionals="2" methods="4" coveredmethods="4"/>
        <line num="8" count="2" type="stmt"/>
        <line num="9" count="4" type="stmt"/>
        <line num="11" count="4" type="stmt"/>
        <line num="16" count="4" type="stmt"/>
        <line num="17" count="3" type="stmt"/>
        <line num="19" count="2" type="stmt"/>
        <line num="22" count="1" type="stmt"/>
        <line num="27" count="4" type="cond" truecount="2" falsecount="0"/>
        <line num="28" count="1" type="stmt"/>
        <line num="31" count="3" type="stmt"/>
      </file>
    </package>
    <package name="src.pages.ContactUsPage">
      <metrics statements="16" coveredstatements="16" conditionals="2" coveredconditionals="2" methods="7" coveredmethods="7"/>
      <file name="ContactUsPage.js" path="C:\react-course-dec-2022\spark-clothing-shop\src\pages\ContactUsPage\ContactUsPage.js">
        <metrics statements="16" coveredstatements="16" conditionals="2" coveredconditionals="2" methods="7" coveredmethods="7"/>
        <line num="8" count="3" type="stmt"/>
        <line num="9" count="20" type="stmt"/>
        <line num="11" count="19" type="stmt"/>
        <line num="17" count="19" type="stmt"/>
        <line num="18" count="15" type="stmt"/>
        <line num="20" count="2" type="stmt"/>
        <line num="23" count="2" type="stmt"/>
        <line num="26" count="1" type="stmt"/>
        <line num="32" count="19" type="stmt"/>
        <line num="42" count="1" type="stmt"/>
        <line num="43" count="1" type="stmt"/>
        <line num="50" count="1" type="stmt"/>
        <line num="55" count="19" type="cond" truecount="2" falsecount="0"/>
        <line num="56" count="1" type="stmt"/>
        <line num="66" count="18" type="stmt"/>
        <line num="153" count="2" type="stmt"/>
      </file>
    </package>
    <package name="src.pages.HomePage">
      <metrics statements="3" coveredstatements="3" conditionals="0" coveredconditionals="0" methods="1" coveredmethods="1"/>
      <file name="HomePage.js" path="C:\react-course-dec-2022\spark-clothing-shop\src\pages\HomePage\HomePage.js">
        <metrics statements="3" coveredstatements="3" conditionals="0" coveredconditionals="0" methods="1" coveredmethods="1"/>
        <line num="9" count="3" type="stmt"/>
        <line num="11" count="4" type="stmt"/>
        <line num="13" count="4" type="stmt"/>
      </file>
    </package>
    <package name="src.pages.PageNotFound">
      <metrics statements="2" coveredstatements="2" conditionals="0" coveredconditionals="0" methods="1" coveredmethods="1"/>
      <file name="PageNotFound.js" path="C:\react-course-dec-2022\spark-clothing-shop\src\pages\PageNotFound\PageNotFound.js">
        <metrics statements="2" coveredstatements="2" conditionals="0" coveredconditionals="0" methods="1" coveredmethods="1"/>
        <line num="6" count="3" type="stmt"/>
        <line num="7" count="2" type="stmt"/>
      </file>
    </package>
    <package name="src.pages.Products">
      <metrics statements="30" coveredstatements="30" conditionals="10" coveredconditionals="8" methods="13" coveredmethods="13"/>
      <file name="Products.js" path="C:\react-course-dec-2022\spark-clothing-shop\src\pages\Products\Products.js">
        <metrics statements="30" coveredstatements="30" conditionals="10" coveredconditionals="8" methods="13" coveredmethods="13"/>
        <line num="7" count="3" type="stmt"/>
        <line num="9" count="18" type="stmt"/>
        <line num="10" count="17" type="stmt"/>
        <line num="12" count="17" type="stmt"/>
        <line num="15" count="17" type="stmt"/>
        <line num="16" count="6" type="stmt"/>
        <line num="18" count="5" type="stmt"/>
        <line num="22" count="1" type="stmt"/>
        <line num="34" count="17" type="cond" truecount="2" falsecount="0"/>
        <line num="35" count="1" type="stmt"/>
        <line num="43" count="16" type="stmt"/>
        <line num="44" count="1" type="stmt"/>
        <line num="45" count="1" type="stmt"/>
        <line num="46" count="1" type="stmt"/>
        <line num="51" count="16" type="stmt"/>
        <line num="52" count="3" type="cond" truecount="1" falsecount="1"/>
        <line num="53" count="3" type="cond" truecount="2" falsecount="0"/>
        <line num="54" count="1" type="stmt"/>
        <line num="55" count="2" type="cond" truecount="2" falsecount="0"/>
        <line num="56" count="1" type="stmt"/>
        <line num="57" count="1" type="cond" truecount="1" falsecount="1"/>
        <line num="58" count="1" type="stmt"/>
        <line num="60" count="3" type="stmt"/>
        <line num="62" count="3" type="stmt"/>
        <line num="72" count="16" type="stmt"/>
        <line num="81" count="1" type="stmt"/>
        <line num="88" count="1" type="stmt"/>
        <line num="95" count="1" type="stmt"/>
        <line num="102" count="1" type="stmt"/>
        <line num="119" count="15" type="stmt"/>
      </file>
    </package>
    <package name="src.pages.Products.ProductDetails">
      <metrics statements="33" coveredstatements="28" conditionals="8" coveredconditionals="6" methods="9" coveredmethods="7"/>
      <file name="ProductDetails.js" path="C:\react-course-dec-2022\spark-clothing-shop\src\pages\Products\ProductDetails\ProductDetails.js">
        <metrics statements="33" coveredstatements="28" conditionals="8" coveredconditionals="6" methods="9" coveredmethods="7"/>
        <line num="6" count="3" type="stmt"/>
        <line num="7" count="8" type="stmt"/>
        <line num="8" count="7" type="stmt"/>
        <line num="9" count="7" type="stmt"/>
        <line num="10" count="7" type="stmt"/>
        <line num="11" count="7" type="stmt"/>
        <line num="12" count="7" type="stmt"/>
        <line num="14" count="7" type="stmt"/>
        <line num="16" count="3" type="stmt"/>
        <line num="19" count="2" type="stmt"/>
        <line num="20" count="2" type="stmt"/>
        <line num="23" count="1" type="stmt"/>
        <line num="24" count="1" type="stmt"/>
        <line num="28" count="3" type="stmt"/>
        <line num="32" count="2" type="cond" truecount="1" falsecount="1"/>
        <line num="33" count="2" type="stmt"/>
        <line num="34" count="2" type="stmt"/>
        <line num="35" count="2" type="stmt"/>
        <line num="37" count="0" type="stmt"/>
        <line num="38" count="0" type="stmt"/>
        <line num="39" count="0" type="stmt"/>
        <line num="43" count="1" type="stmt"/>
        <line num="44" count="1" type="stmt"/>
        <line num="45" count="1" type="stmt"/>
        <line num="46" count="1" type="stmt"/>
        <line num="51" count="7" type="cond" truecount="2" falsecount="0"/>
        <line num="52" count="4" type="stmt"/>
        <line num="58" count="3" type="cond" truecount="2" falsecount="0"/>
        <line num="59" count="1" type="stmt"/>
        <line num="66" count="2" type="stmt"/>
        <line num="97" count="0" type="stmt"/>
        <line num="108" count="2" type="stmt"/>
        <line num="136" count="0" type="stmt"/>
      </file>
    </package>
    <package name="src.pages.Products.ProductsFeedback">
      <metrics statements="40" coveredstatements="33" conditionals="8" coveredconditionals="3" methods="15" coveredmethods="10"/>
      <file name="ProductsFeedback.js" path="C:\react-course-dec-2022\spark-clothing-shop\src\pages\Products\ProductsFeedback\ProductsFeedback.js">
        <metrics statements="40" coveredstatements="33" conditionals="8" coveredconditionals="3" methods="15" coveredmethods="10"/>
        <line num="8" count="4" type="stmt"/>
        <line num="9" count="10" type="stmt"/>
        <line num="10" count="9" type="stmt"/>
        <line num="11" count="9" type="stmt"/>
        <line num="12" count="9" type="stmt"/>
        <line num="13" count="9" type="stmt"/>
        <line num="14" count="9" type="stmt"/>
        <line num="15" count="9" type="stmt"/>
        <line num="16" count="9" type="stmt"/>
        <line num="19" count="9" type="stmt"/>
        <line num="20" count="3" type="stmt"/>
        <line num="23" count="1" type="stmt"/>
        <line num="26" count="1" type="stmt"/>
        <line num="30" count="9" type="stmt"/>
        <line num="31" count="1" type="stmt"/>
        <line num="32" count="1" type="stmt"/>
        <line num="34" count="1" type="stmt"/>
        <line num="35" count="0" type="cond" truecount="0" falsecount="4"/>
        <line num="36" count="0" type="stmt"/>
        <line num="39" count="1" type="stmt"/>
        <line num="42" count="1" type="cond" truecount="1" falsecount="1"/>
        <line num="43" count="0" type="stmt"/>
        <line num="45" count="1" type="stmt"/>
        <line num="46" count="1" type="stmt"/>
        <line num="49" count="1" type="stmt"/>
        <line num="56" count="1" type="stmt"/>
        <line num="57" count="1" type="stmt"/>
        <line num="63" count="9" type="cond" truecount="2" falsecount="0"/>
        <line num="64" count="1" type="stmt"/>
        <line num="71" count="8" type="stmt"/>
        <line num="114" count="1" type="stmt"/>
        <line num="127" count="1" type="stmt"/>
        <line num="140" count="1" type="stmt"/>
        <line num="153" count="1" type="stmt"/>
        <line num="164" count="1" type="stmt"/>
        <line num="175" count="0" type="stmt"/>
        <line num="186" count="0" type="stmt"/>
        <line num="197" count="0" type="stmt"/>
        <line num="208" count="0" type="stmt"/>
        <line num="242" count="4" type="stmt"/>
      </file>
    </package>
    <package name="src.routes">
      <metrics statements="3" coveredstatements="3" conditionals="0" coveredconditionals="0" methods="2" coveredmethods="2"/>
      <file name="appRoutes.js" path="C:\react-course-dec-2022\spark-clothing-shop\src\routes\appRoutes.js">
        <metrics statements="3" coveredstatements="3" conditionals="0" coveredconditionals="0" methods="2" coveredmethods="2"/>
        <line num="9" count="2" type="stmt"/>
        <line num="11" count="2" type="stmt"/>
        <line num="12" count="8" type="stmt"/>
      </file>
    </package>
  </project>
</coverage>
