{"C:\\react-course-dec-2022\\spark-clothing-shop\\src\\App.js": {"path":"C:\\react-course-dec-2022\\spark-clothing-shop\\src\\App.js","statementMap":{"0":{"start":{"line":9,"column":2},"end":{"line":24,"column":4}}},"fnMap":{"0":{"name":"App","decl":{"start":{"line":8,"column":9},"end":{"line":8,"column":12}},"loc":{"start":{"line":8,"column":15},"end":{"line":25,"column":1}},"line":8}},"branchMap":{},"s":{"0":1},"f":{"0":1},"b":{},"_coverageSchema":"1a1c01bbd47fc00a2c39e90264f33305004495a9","hash":"9b561526e4b6d7a078d324433a5b2f95dbb2955a"}
,"C:\\react-course-dec-2022\\spark-clothing-shop\\src\\components\\Footer\\Footer.js": {"path":"C:\\react-course-dec-2022\\spark-clothing-shop\\src\\components\\Footer\\Footer.js","statementMap":{"0":{"start":{"line":9,"column":15},"end":{"line":55,"column":1}},"1":{"start":{"line":10,"column":24},"end":{"line":10,"column":28}},"2":{"start":{"line":12,"column":20},"end":{"line":12,"column":48}},"3":{"start":{"line":13,"column":2},"end":{"line":54,"column":4}},"4":{"start":{"line":58,"column":0},"end":{"line":60,"column":2}},"5":{"start":{"line":62,"column":0},"end":{"line":64,"column":2}}},"fnMap":{"0":{"name":"(anonymous_0)","decl":{"start":{"line":9,"column":15},"end":{"line":9,"column":16}},"loc":{"start":{"line":9,"column":26},"end":{"line":55,"column":1}},"line":9}},"branchMap":{},"s":{"0":2,"1":2,"2":2,"3":2,"4":2,"5":2},"f":{"0":2},"b":{},"_coverageSchema":"1a1c01bbd47fc00a2c39e90264f33305004495a9","hash":"fde18d1bc1f62a05cbb8093e48fda327c721a1e4"}
,"C:\\react-course-dec-2022\\spark-clothing-shop\\src\\components\\Header\\Header.js": {"path":"C:\\react-course-dec-2022\\spark-clothing-shop\\src\\components\\Header\\Header.js","statementMap":{"0":{"start":{"line":10,"column":2},"end":{"line":44,"column":4}}},"fnMap":{"0":{"name":"Header","decl":{"start":{"line":8,"column":9},"end":{"line":8,"column":15}},"loc":{"start":{"line":8,"column":18},"end":{"line":45,"column":1}},"line":8}},"branchMap":{},"s":{"0":2},"f":{"0":2},"b":{},"_coverageSchema":"1a1c01bbd47fc00a2c39e90264f33305004495a9","hash":"a078186261b6eacd9eb4a8ef1b43fc09897445e5"}
,"C:\\react-course-dec-2022\\spark-clothing-shop\\src\\components\\NavBar\\MenuItem.js": {"path":"C:\\react-course-dec-2022\\spark-clothing-shop\\src\\components\\NavBar\\MenuItem.js","statementMap":{"0":{"start":{"line":6,"column":17},"end":{"line":18,"column":1}},"1":{"start":{"line":7,"column":2},"end":{"line":17,"column":4}},"2":{"start":{"line":20,"column":0},"end":{"line":23,"column":2}}},"fnMap":{"0":{"name":"(anonymous_0)","decl":{"start":{"line":6,"column":17},"end":{"line":6,"column":18}},"loc":{"start":{"line":6,"column":28},"end":{"line":18,"column":1}},"line":6}},"branchMap":{},"s":{"0":3,"1":9,"2":3},"f":{"0":9},"b":{},"_coverageSchema":"1a1c01bbd47fc00a2c39e90264f33305004495a9","hash":"6da07fe2b8f60e3f0e67e42cc4dedf6c90adb36d"}
,"C:\\react-course-dec-2022\\spark-clothing-shop\\src\\components\\NavBar\\NavBar.js": {"path":"C:\\react-course-dec-2022\\spark-clothing-shop\\src\\components\\NavBar\\NavBar.js","statementMap":{"0":{"start":{"line":11,"column":18},"end":{"line":39,"column":1}},"1":{"start":{"line":41,"column":15},"end":{"line":51,"column":1}},"2":{"start":{"line":42,"column":2},"end":{"line":50,"column":4}},"3":{"start":{"line":47,"column":8},"end":{"line":47,"column":55}}},"fnMap":{"0":{"name":"(anonymous_0)","decl":{"start":{"line":41,"column":15},"end":{"line":41,"column":16}},"loc":{"start":{"line":41,"column":21},"end":{"line":51,"column":1}},"line":41},"1":{"name":"(anonymous_1)","decl":{"start":{"line":46,"column":21},"end":{"line":46,"column":22}},"loc":{"start":{"line":47,"column":8},"end":{"line":47,"column":55}},"line":47}},"branchMap":{},"s":{"0":2,"1":2,"2":2,"3":8},"f":{"0":2,"1":8},"b":{},"_coverageSchema":"1a1c01bbd47fc00a2c39e90264f33305004495a9","hash":"f3b701d3b93e68dca64e0bdbd44df9154260cc66"}
,"C:\\react-course-dec-2022\\spark-clothing-shop\\src\\pages\\AboutPage\\AboutPage.js": {"path":"C:\\react-course-dec-2022\\spark-clothing-shop\\src\\pages\\AboutPage\\AboutPage.js","statementMap":{"0":{"start":{"line":8,"column":18},"end":{"line":99,"column":1}},"1":{"start":{"line":9,"column":46},"end":{"line":9,"column":58}},"2":{"start":{"line":11,"column":32},"end":{"line":11,"column":47}},"3":{"start":{"line":16,"column":2},"end":{"line":24,"column":9}},"4":{"start":{"line":17,"column":4},"end":{"line":23,"column":8}},"5":{"start":{"line":19,"column":8},"end":{"line":19,"column":31}},"6":{"start":{"line":22,"column":8},"end":{"line":22,"column":25}},"7":{"start":{"line":27,"column":2},"end":{"line":29,"column":3}},"8":{"start":{"line":28,"column":4},"end":{"line":28,"column":103}},"9":{"start":{"line":31,"column":2},"end":{"line":98,"column":4}}},"fnMap":{"0":{"name":"(anonymous_0)","decl":{"start":{"line":8,"column":18},"end":{"line":8,"column":19}},"loc":{"start":{"line":8,"column":24},"end":{"line":99,"column":1}},"line":8},"1":{"name":"(anonymous_1)","decl":{"start":{"line":16,"column":12},"end":{"line":16,"column":13}},"loc":{"start":{"line":16,"column":18},"end":{"line":24,"column":3}},"line":16},"2":{"name":"(anonymous_2)","decl":{"start":{"line":18,"column":12},"end":{"line":18,"column":13}},"loc":{"start":{"line":18,"column":21},"end":{"line":20,"column":7}},"line":18},"3":{"name":"(anonymous_3)","decl":{"start":{"line":21,"column":13},"end":{"line":21,"column":14}},"loc":{"start":{"line":21,"column":22},"end":{"line":23,"column":7}},"line":21}},"branchMap":{"0":{"loc":{"start":{"line":27,"column":2},"end":{"line":29,"column":3}},"type":"if","locations":[{"start":{"line":27,"column":2},"end":{"line":29,"column":3}},{"start":{},"end":{}}],"line":27}},"s":{"0":2,"1":4,"2":4,"3":4,"4":3,"5":2,"6":1,"7":4,"8":1,"9":3},"f":{"0":4,"1":3,"2":2,"3":1},"b":{"0":[1,3]},"_coverageSchema":"1a1c01bbd47fc00a2c39e90264f33305004495a9","hash":"24a289b83a2430f1b65b0315ab8033a486c419d5"}
,"C:\\react-course-dec-2022\\spark-clothing-shop\\src\\pages\\ContactUsPage\\ContactUsPage.js": {"path":"C:\\react-course-dec-2022\\spark-clothing-shop\\src\\pages\\ContactUsPage\\ContactUsPage.js","statementMap":{"0":{"start":{"line":8,"column":22},"end":{"line":183,"column":1}},"1":{"start":{"line":9,"column":48},"end":{"line":9,"column":60}},"2":{"start":{"line":11,"column":32},"end":{"line":11,"column":47}},"3":{"start":{"line":17,"column":2},"end":{"line":28,"column":9}},"4":{"start":{"line":18,"column":4},"end":{"line":27,"column":9}},"5":{"start":{"line":20,"column":8},"end":{"line":20,"column":26}},"6":{"start":{"line":23,"column":8},"end":{"line":23,"column":38}},"7":{"start":{"line":26,"column":8},"end":{"line":26,"column":25}},"8":{"start":{"line":32,"column":17},"end":{"line":52,"column":4}},"9":{"start":{"line":42,"column":6},"end":{"line":42,"column":51}},"10":{"start":{"line":43,"column":6},"end":{"line":49,"column":9}},"11":{"start":{"line":50,"column":6},"end":{"line":50,"column":32}},"12":{"start":{"line":55,"column":2},"end":{"line":61,"column":3}},"13":{"start":{"line":56,"column":4},"end":{"line":60,"column":6}},"14":{"start":{"line":66,"column":2},"end":{"line":182,"column":4}},"15":{"start":{"line":153,"column":8},"end":{"line":179,"column":10}}},"fnMap":{"0":{"name":"(anonymous_0)","decl":{"start":{"line":8,"column":22},"end":{"line":8,"column":23}},"loc":{"start":{"line":8,"column":28},"end":{"line":183,"column":1}},"line":8},"1":{"name":"(anonymous_1)","decl":{"start":{"line":17,"column":12},"end":{"line":17,"column":13}},"loc":{"start":{"line":17,"column":18},"end":{"line":28,"column":3}},"line":17},"2":{"name":"(anonymous_2)","decl":{"start":{"line":19,"column":12},"end":{"line":19,"column":13}},"loc":{"start":{"line":19,"column":21},"end":{"line":21,"column":7}},"line":19},"3":{"name":"(anonymous_3)","decl":{"start":{"line":22,"column":12},"end":{"line":22,"column":13}},"loc":{"start":{"line":22,"column":27},"end":{"line":24,"column":7}},"line":22},"4":{"name":"(anonymous_4)","decl":{"start":{"line":25,"column":13},"end":{"line":25,"column":14}},"loc":{"start":{"line":25,"column":22},"end":{"line":27,"column":7}},"line":25},"5":{"name":"(anonymous_5)","decl":{"start":{"line":40,"column":14},"end":{"line":40,"column":15}},"loc":{"start":{"line":40,"column":41},"end":{"line":51,"column":5}},"line":40},"6":{"name":"(anonymous_6)","decl":{"start":{"line":151,"column":27},"end":{"line":151,"column":28}},"loc":{"start":{"line":151,"column":40},"end":{"line":180,"column":7}},"line":151}},"branchMap":{"0":{"loc":{"start":{"line":55,"column":2},"end":{"line":61,"column":3}},"type":"if","locations":[{"start":{"line":55,"column":2},"end":{"line":61,"column":3}},{"start":{},"end":{}}],"line":55}},"s":{"0":3,"1":20,"2":19,"3":19,"4":15,"5":2,"6":2,"7":1,"8":19,"9":1,"10":1,"11":1,"12":19,"13":1,"14":18,"15":2},"f":{"0":20,"1":15,"2":2,"3":2,"4":1,"5":1,"6":2},"b":{"0":[1,18]},"_coverageSchema":"1a1c01bbd47fc00a2c39e90264f33305004495a9","hash":"41a8c23a1500a89dfe52b234a4c4c9a3629be3d0"}
,"C:\\react-course-dec-2022\\spark-clothing-shop\\src\\pages\\HomePage\\HomePage.js": {"path":"C:\\react-course-dec-2022\\spark-clothing-shop\\src\\pages\\HomePage\\HomePage.js","statementMap":{"0":{"start":{"line":9,"column":17},"end":{"line":88,"column":1}},"1":{"start":{"line":11,"column":20},"end":{"line":11,"column":49}},"2":{"start":{"line":13,"column":2},"end":{"line":87,"column":4}}},"fnMap":{"0":{"name":"(anonymous_0)","decl":{"start":{"line":9,"column":17},"end":{"line":9,"column":18}},"loc":{"start":{"line":9,"column":23},"end":{"line":88,"column":1}},"line":9}},"branchMap":{},"s":{"0":3,"1":4,"2":4},"f":{"0":4},"b":{},"_coverageSchema":"1a1c01bbd47fc00a2c39e90264f33305004495a9","hash":"22bb862dbfed0c8c17d0f8e0c3d24fa89333cfa1"}
,"C:\\react-course-dec-2022\\spark-clothing-shop\\src\\pages\\PageNotFound\\PageNotFound.js": {"path":"C:\\react-course-dec-2022\\spark-clothing-shop\\src\\pages\\PageNotFound\\PageNotFound.js","statementMap":{"0":{"start":{"line":6,"column":21},"end":{"line":27,"column":1}},"1":{"start":{"line":7,"column":2},"end":{"line":26,"column":4}}},"fnMap":{"0":{"name":"(anonymous_0)","decl":{"start":{"line":6,"column":21},"end":{"line":6,"column":22}},"loc":{"start":{"line":6,"column":27},"end":{"line":27,"column":1}},"line":6}},"branchMap":{},"s":{"0":3,"1":2},"f":{"0":2},"b":{},"_coverageSchema":"1a1c01bbd47fc00a2c39e90264f33305004495a9","hash":"eb6a1a05f8439cb58cf53c9d33f85b9e66f2e26d"}
,"C:\\react-course-dec-2022\\spark-clothing-shop\\src\\pages\\Products\\Products.js": {"path":"C:\\react-course-dec-2022\\spark-clothing-shop\\src\\pages\\Products\\Products.js","statementMap":{"0":{"start":{"line":7,"column":17},"end":{"line":154,"column":1}},"1":{"start":{"line":9,"column":26},"end":{"line":9,"column":38}},"2":{"start":{"line":10,"column":32},"end":{"line":10,"column":47}},"3":{"start":{"line":12,"column":19},"end":{"line":12,"column":32}},"4":{"start":{"line":15,"column":2},"end":{"line":25,"column":9}},"5":{"start":{"line":16,"column":4},"end":{"line":24,"column":9}},"6":{"start":{"line":18,"column":8},"end":{"line":18,"column":21}},"7":{"start":{"line":22,"column":8},"end":{"line":22,"column":25}},"8":{"start":{"line":34,"column":2},"end":{"line":40,"column":3}},"9":{"start":{"line":35,"column":4},"end":{"line":39,"column":6}},"10":{"start":{"line":43,"column":28},"end":{"line":48,"column":3}},"11":{"start":{"line":44,"column":4},"end":{"line":44,"column":26}},"12":{"start":{"line":45,"column":4},"end":{"line":47,"column":7}},"13":{"start":{"line":46,"column":6},"end":{"line":46,"column":19}},"14":{"start":{"line":51,"column":25},"end":{"line":66,"column":3}},"15":{"start":{"line":52,"column":4},"end":{"line":65,"column":5}},"16":{"start":{"line":53,"column":6},"end":{"line":59,"column":7}},"17":{"start":{"line":54,"column":8},"end":{"line":54,"column":50}},"18":{"start":{"line":55,"column":13},"end":{"line":59,"column":7}},"19":{"start":{"line":56,"column":8},"end":{"line":56,"column":52}},"20":{"start":{"line":57,"column":13},"end":{"line":59,"column":7}},"21":{"start":{"line":58,"column":8},"end":{"line":58,"column":50}},"22":{"start":{"line":60,"column":6},"end":{"line":64,"column":8}},"23":{"start":{"line":62,"column":10},"end":{"line":62,"column":23}},"24":{"start":{"line":72,"column":2},"end":{"line":153,"column":4}},"25":{"start":{"line":81,"column":25},"end":{"line":81,"column":49}},"26":{"start":{"line":88,"column":25},"end":{"line":88,"column":53}},"27":{"start":{"line":95,"column":25},"end":{"line":95,"column":55}},"28":{"start":{"line":102,"column":25},"end":{"line":102,"column":53}},"29":{"start":{"line":119,"column":12},"end":{"line":148,"column":14}}},"fnMap":{"0":{"name":"(anonymous_0)","decl":{"start":{"line":7,"column":17},"end":{"line":7,"column":18}},"loc":{"start":{"line":7,"column":23},"end":{"line":154,"column":1}},"line":7},"1":{"name":"(anonymous_1)","decl":{"start":{"line":15,"column":12},"end":{"line":15,"column":13}},"loc":{"start":{"line":15,"column":18},"end":{"line":25,"column":3}},"line":15},"2":{"name":"(anonymous_2)","decl":{"start":{"line":17,"column":12},"end":{"line":17,"column":13}},"loc":{"start":{"line":17,"column":21},"end":{"line":20,"column":7}},"line":17},"3":{"name":"(anonymous_3)","decl":{"start":{"line":21,"column":13},"end":{"line":21,"column":14}},"loc":{"start":{"line":21,"column":22},"end":{"line":24,"column":7}},"line":21},"4":{"name":"(anonymous_4)","decl":{"start":{"line":43,"column":28},"end":{"line":43,"column":29}},"loc":{"start":{"line":43,"column":34},"end":{"line":48,"column":3}},"line":43},"5":{"name":"(anonymous_5)","decl":{"start":{"line":45,"column":48},"end":{"line":45,"column":49}},"loc":{"start":{"line":45,"column":57},"end":{"line":47,"column":5}},"line":45},"6":{"name":"(anonymous_6)","decl":{"start":{"line":51,"column":25},"end":{"line":51,"column":26}},"loc":{"start":{"line":51,"column":39},"end":{"line":66,"column":3}},"line":51},"7":{"name":"(anonymous_7)","decl":{"start":{"line":61,"column":8},"end":{"line":61,"column":9}},"loc":{"start":{"line":61,"column":17},"end":{"line":63,"column":9}},"line":61},"8":{"name":"(anonymous_8)","decl":{"start":{"line":81,"column":19},"end":{"line":81,"column":20}},"loc":{"start":{"line":81,"column":25},"end":{"line":81,"column":49}},"line":81},"9":{"name":"(anonymous_9)","decl":{"start":{"line":88,"column":19},"end":{"line":88,"column":20}},"loc":{"start":{"line":88,"column":25},"end":{"line":88,"column":53}},"line":88},"10":{"name":"(anonymous_10)","decl":{"start":{"line":95,"column":19},"end":{"line":95,"column":20}},"loc":{"start":{"line":95,"column":25},"end":{"line":95,"column":55}},"line":95},"11":{"name":"(anonymous_11)","decl":{"start":{"line":102,"column":19},"end":{"line":102,"column":20}},"loc":{"start":{"line":102,"column":25},"end":{"line":102,"column":53}},"line":102},"12":{"name":"(anonymous_12)","decl":{"start":{"line":110,"column":10},"end":{"line":110,"column":11}},"loc":{"start":{"line":118,"column":16},"end":{"line":149,"column":11}},"line":118}},"branchMap":{"0":{"loc":{"start":{"line":34,"column":2},"end":{"line":40,"column":3}},"type":"if","locations":[{"start":{"line":34,"column":2},"end":{"line":40,"column":3}},{"start":{},"end":{}}],"line":34},"1":{"loc":{"start":{"line":52,"column":4},"end":{"line":65,"column":5}},"type":"if","locations":[{"start":{"line":52,"column":4},"end":{"line":65,"column":5}},{"start":{},"end":{}}],"line":52},"2":{"loc":{"start":{"line":53,"column":6},"end":{"line":59,"column":7}},"type":"if","locations":[{"start":{"line":53,"column":6},"end":{"line":59,"column":7}},{"start":{"line":55,"column":13},"end":{"line":59,"column":7}}],"line":53},"3":{"loc":{"start":{"line":55,"column":13},"end":{"line":59,"column":7}},"type":"if","locations":[{"start":{"line":55,"column":13},"end":{"line":59,"column":7}},{"start":{"line":57,"column":13},"end":{"line":59,"column":7}}],"line":55},"4":{"loc":{"start":{"line":57,"column":13},"end":{"line":59,"column":7}},"type":"if","locations":[{"start":{"line":57,"column":13},"end":{"line":59,"column":7}},{"start":{},"end":{}}],"line":57}},"s":{"0":3,"1":18,"2":17,"3":17,"4":17,"5":6,"6":5,"7":1,"8":17,"9":1,"10":16,"11":1,"12":1,"13":1,"14":16,"15":3,"16":3,"17":1,"18":2,"19":1,"20":1,"21":1,"22":3,"23":3,"24":16,"25":1,"26":1,"27":1,"28":1,"29":15},"f":{"0":18,"1":6,"2":5,"3":1,"4":1,"5":1,"6":3,"7":3,"8":1,"9":1,"10":1,"11":1,"12":15},"b":{"0":[1,16],"1":[3,0],"2":[1,2],"3":[1,1],"4":[1,0]},"_coverageSchema":"1a1c01bbd47fc00a2c39e90264f33305004495a9","hash":"f248286964c91240a0aff6b59f6a52d97da3d26a"}
,"C:\\react-course-dec-2022\\spark-clothing-shop\\src\\pages\\Products\\ProductDetails\\ProductDetails.js": {"path":"C:\\react-course-dec-2022\\spark-clothing-shop\\src\\pages\\Products\\ProductDetails\\ProductDetails.js","statementMap":{"0":{"start":{"line":6,"column":23},"end":{"line":142,"column":1}},"1":{"start":{"line":7,"column":22},"end":{"line":7,"column":33}},"2":{"start":{"line":8,"column":26},"end":{"line":8,"column":38}},"3":{"start":{"line":9,"column":36},"end":{"line":9,"column":50}},"4":{"start":{"line":10,"column":32},"end":{"line":10,"column":47}},"5":{"start":{"line":11,"column":36},"end":{"line":11,"column":50}},"6":{"start":{"line":12,"column":34},"end":{"line":12,"column":46}},"7":{"start":{"line":14,"column":2},"end":{"line":48,"column":18}},"8":{"start":{"line":16,"column":4},"end":{"line":25,"column":9}},"9":{"start":{"line":19,"column":8},"end":{"line":19,"column":27}},"10":{"start":{"line":20,"column":8},"end":{"line":20,"column":28}},"11":{"start":{"line":23,"column":8},"end":{"line":23,"column":25}},"12":{"start":{"line":24,"column":8},"end":{"line":24,"column":28}},"13":{"start":{"line":28,"column":4},"end":{"line":47,"column":9}},"14":{"start":{"line":32,"column":8},"end":{"line":40,"column":9}},"15":{"start":{"line":33,"column":10},"end":{"line":33,"column":30}},"16":{"start":{"line":34,"column":10},"end":{"line":34,"column":28}},"17":{"start":{"line":35,"column":10},"end":{"line":35,"column":33}},"18":{"start":{"line":37,"column":10},"end":{"line":37,"column":30}},"19":{"start":{"line":38,"column":10},"end":{"line":38,"column":27}},"20":{"start":{"line":39,"column":10},"end":{"line":39,"column":26}},"21":{"start":{"line":43,"column":8},"end":{"line":43,"column":25}},"22":{"start":{"line":44,"column":8},"end":{"line":44,"column":28}},"23":{"start":{"line":45,"column":8},"end":{"line":45,"column":25}},"24":{"start":{"line":46,"column":8},"end":{"line":46,"column":24}},"25":{"start":{"line":51,"column":2},"end":{"line":55,"column":3}},"26":{"start":{"line":52,"column":4},"end":{"line":54,"column":6}},"27":{"start":{"line":58,"column":2},"end":{"line":64,"column":3}},"28":{"start":{"line":59,"column":4},"end":{"line":63,"column":6}},"29":{"start":{"line":66,"column":2},"end":{"line":141,"column":4}},"30":{"start":{"line":97,"column":25},"end":{"line":97,"column":46}},"31":{"start":{"line":108,"column":12},"end":{"line":129,"column":14}},"32":{"start":{"line":136,"column":24},"end":{"line":136,"column":42}}},"fnMap":{"0":{"name":"(anonymous_0)","decl":{"start":{"line":6,"column":23},"end":{"line":6,"column":24}},"loc":{"start":{"line":6,"column":29},"end":{"line":142,"column":1}},"line":6},"1":{"name":"(anonymous_1)","decl":{"start":{"line":14,"column":12},"end":{"line":14,"column":13}},"loc":{"start":{"line":14,"column":18},"end":{"line":48,"column":3}},"line":14},"2":{"name":"(anonymous_2)","decl":{"start":{"line":17,"column":12},"end":{"line":17,"column":13}},"loc":{"start":{"line":17,"column":24},"end":{"line":21,"column":7}},"line":17},"3":{"name":"(anonymous_3)","decl":{"start":{"line":22,"column":13},"end":{"line":22,"column":14}},"loc":{"start":{"line":22,"column":22},"end":{"line":25,"column":7}},"line":22},"4":{"name":"(anonymous_4)","decl":{"start":{"line":29,"column":12},"end":{"line":29,"column":13}},"loc":{"start":{"line":29,"column":27},"end":{"line":41,"column":7}},"line":29},"5":{"name":"(anonymous_5)","decl":{"start":{"line":42,"column":13},"end":{"line":42,"column":14}},"loc":{"start":{"line":42,"column":22},"end":{"line":47,"column":7}},"line":42},"6":{"name":"(anonymous_6)","decl":{"start":{"line":97,"column":19},"end":{"line":97,"column":20}},"loc":{"start":{"line":97,"column":25},"end":{"line":97,"column":46}},"line":97},"7":{"name":"(anonymous_7)","decl":{"start":{"line":107,"column":25},"end":{"line":107,"column":26}},"loc":{"start":{"line":107,"column":35},"end":{"line":130,"column":11}},"line":107},"8":{"name":"(anonymous_8)","decl":{"start":{"line":136,"column":18},"end":{"line":136,"column":19}},"loc":{"start":{"line":136,"column":24},"end":{"line":136,"column":42}},"line":136}},"branchMap":{"0":{"loc":{"start":{"line":32,"column":8},"end":{"line":40,"column":9}},"type":"if","locations":[{"start":{"line":32,"column":8},"end":{"line":40,"column":9}},{"start":{"line":36,"column":15},"end":{"line":40,"column":9}}],"line":32},"1":{"loc":{"start":{"line":51,"column":2},"end":{"line":55,"column":3}},"type":"if","locations":[{"start":{"line":51,"column":2},"end":{"line":55,"column":3}},{"start":{},"end":{}}],"line":51},"2":{"loc":{"start":{"line":58,"column":2},"end":{"line":64,"column":3}},"type":"if","locations":[{"start":{"line":58,"column":2},"end":{"line":64,"column":3}},{"start":{},"end":{}}],"line":58},"3":{"loc":{"start":{"line":133,"column":7},"end":{"line":139,"column":7}},"type":"binary-expr","locations":[{"start":{"line":133,"column":7},"end":{"line":133,"column":16}},{"start":{"line":134,"column":8},"end":{"line":138,"column":10}}],"line":133}},"s":{"0":3,"1":8,"2":7,"3":7,"4":7,"5":7,"6":7,"7":7,"8":3,"9":2,"10":2,"11":1,"12":1,"13":3,"14":2,"15":2,"16":2,"17":2,"18":0,"19":0,"20":0,"21":1,"22":1,"23":1,"24":1,"25":7,"26":4,"27":3,"28":1,"29":2,"30":0,"31":2,"32":0},"f":{"0":8,"1":3,"2":2,"3":1,"4":2,"5":1,"6":0,"7":2,"8":0},"b":{"0":[2,0],"1":[4,3],"2":[1,2],"3":[2,0]},"_coverageSchema":"1a1c01bbd47fc00a2c39e90264f33305004495a9","hash":"29a89d6bf17664227294cda3aee90475290f94e0"}
,"C:\\react-course-dec-2022\\spark-clothing-shop\\src\\pages\\Products\\ProductsFeedback\\ProductsFeedback.js": {"path":"C:\\react-course-dec-2022\\spark-clothing-shop\\src\\pages\\Products\\ProductsFeedback\\ProductsFeedback.js","statementMap":{"0":{"start":{"line":8,"column":25},"end":{"line":239,"column":1}},"1":{"start":{"line":9,"column":18},"end":{"line":9,"column":28}},"2":{"start":{"line":10,"column":44},"end":{"line":10,"column":56}},"3":{"start":{"line":11,"column":32},"end":{"line":11,"column":47}},"4":{"start":{"line":12,"column":26},"end":{"line":12,"column":38}},"5":{"start":{"line":13,"column":28},"end":{"line":13,"column":40}},"6":{"start":{"line":14,"column":28},"end":{"line":14,"column":40}},"7":{"start":{"line":15,"column":32},"end":{"line":15,"column":44}},"8":{"start":{"line":16,"column":26},"end":{"line":16,"column":38}},"9":{"start":{"line":19,"column":2},"end":{"line":28,"column":9}},"10":{"start":{"line":20,"column":4},"end":{"line":27,"column":9}},"11":{"start":{"line":23,"column":8},"end":{"line":23,"column":35}},"12":{"start":{"line":26,"column":8},"end":{"line":26,"column":25}},"13":{"start":{"line":30,"column":23},"end":{"line":60,"column":3}},"14":{"start":{"line":31,"column":4},"end":{"line":31,"column":27}},"15":{"start":{"line":32,"column":12},"end":{"line":32,"column":14}},"16":{"start":{"line":34,"column":4},"end":{"line":38,"column":7}},"17":{"start":{"line":35,"column":6},"end":{"line":37,"column":7}},"18":{"start":{"line":36,"column":8},"end":{"line":36,"column":25}},"19":{"start":{"line":39,"column":4},"end":{"line":39,"column":26}},"20":{"start":{"line":42,"column":4},"end":{"line":59,"column":5}},"21":{"start":{"line":43,"column":6},"end":{"line":43,"column":75}},"22":{"start":{"line":45,"column":6},"end":{"line":45,"column":51}},"23":{"start":{"line":46,"column":19},"end":{"line":46,"column":56}},"24":{"start":{"line":49,"column":6},"end":{"line":55,"column":9}},"25":{"start":{"line":56,"column":6},"end":{"line":56,"column":30}},"26":{"start":{"line":57,"column":6},"end":{"line":57,"column":53}},"27":{"start":{"line":63,"column":2},"end":{"line":69,"column":3}},"28":{"start":{"line":64,"column":4},"end":{"line":68,"column":6}},"29":{"start":{"line":71,"column":2},"end":{"line":238,"column":4}},"30":{"start":{"line":114,"column":33},"end":{"line":114,"column":60}},"31":{"start":{"line":127,"column":33},"end":{"line":127,"column":61}},"32":{"start":{"line":140,"column":33},"end":{"line":140,"column":61}},"33":{"start":{"line":153,"column":33},"end":{"line":153,"column":63}},"34":{"start":{"line":164,"column":35},"end":{"line":164,"column":62}},"35":{"start":{"line":175,"column":35},"end":{"line":175,"column":62}},"36":{"start":{"line":186,"column":35},"end":{"line":186,"column":62}},"37":{"start":{"line":197,"column":35},"end":{"line":197,"column":62}},"38":{"start":{"line":208,"column":35},"end":{"line":208,"column":62}},"39":{"start":{"line":242,"column":0},"end":{"line":246,"column":2}}},"fnMap":{"0":{"name":"(anonymous_0)","decl":{"start":{"line":8,"column":25},"end":{"line":8,"column":26}},"loc":{"start":{"line":8,"column":36},"end":{"line":239,"column":1}},"line":8},"1":{"name":"(anonymous_1)","decl":{"start":{"line":19,"column":12},"end":{"line":19,"column":13}},"loc":{"start":{"line":19,"column":18},"end":{"line":28,"column":3}},"line":19},"2":{"name":"(anonymous_2)","decl":{"start":{"line":21,"column":12},"end":{"line":21,"column":13}},"loc":{"start":{"line":21,"column":21},"end":{"line":24,"column":7}},"line":21},"3":{"name":"(anonymous_3)","decl":{"start":{"line":25,"column":13},"end":{"line":25,"column":14}},"loc":{"start":{"line":25,"column":22},"end":{"line":27,"column":7}},"line":25},"4":{"name":"(anonymous_4)","decl":{"start":{"line":30,"column":23},"end":{"line":30,"column":24}},"loc":{"start":{"line":30,"column":34},"end":{"line":60,"column":3}},"line":30},"5":{"name":"(anonymous_5)","decl":{"start":{"line":34,"column":26},"end":{"line":34,"column":27}},"loc":{"start":{"line":34,"column":40},"end":{"line":38,"column":5}},"line":34},"6":{"name":"(anonymous_6)","decl":{"start":{"line":114,"column":22},"end":{"line":114,"column":23}},"loc":{"start":{"line":114,"column":33},"end":{"line":114,"column":60}},"line":114},"7":{"name":"(anonymous_7)","decl":{"start":{"line":127,"column":22},"end":{"line":127,"column":23}},"loc":{"start":{"line":127,"column":33},"end":{"line":127,"column":61}},"line":127},"8":{"name":"(anonymous_8)","decl":{"start":{"line":140,"column":22},"end":{"line":140,"column":23}},"loc":{"start":{"line":140,"column":33},"end":{"line":140,"column":61}},"line":140},"9":{"name":"(anonymous_9)","decl":{"start":{"line":153,"column":22},"end":{"line":153,"column":23}},"loc":{"start":{"line":153,"column":33},"end":{"line":153,"column":63}},"line":153},"10":{"name":"(anonymous_10)","decl":{"start":{"line":164,"column":24},"end":{"line":164,"column":25}},"loc":{"start":{"line":164,"column":35},"end":{"line":164,"column":62}},"line":164},"11":{"name":"(anonymous_11)","decl":{"start":{"line":175,"column":24},"end":{"line":175,"column":25}},"loc":{"start":{"line":175,"column":35},"end":{"line":175,"column":62}},"line":175},"12":{"name":"(anonymous_12)","decl":{"start":{"line":186,"column":24},"end":{"line":186,"column":25}},"loc":{"start":{"line":186,"column":35},"end":{"line":186,"column":62}},"line":186},"13":{"name":"(anonymous_13)","decl":{"start":{"line":197,"column":24},"end":{"line":197,"column":25}},"loc":{"start":{"line":197,"column":35},"end":{"line":197,"column":62}},"line":197},"14":{"name":"(anonymous_14)","decl":{"start":{"line":208,"column":24},"end":{"line":208,"column":25}},"loc":{"start":{"line":208,"column":35},"end":{"line":208,"column":62}},"line":208}},"branchMap":{"0":{"loc":{"start":{"line":35,"column":6},"end":{"line":37,"column":7}},"type":"if","locations":[{"start":{"line":35,"column":6},"end":{"line":37,"column":7}},{"start":{},"end":{}}],"line":35},"1":{"loc":{"start":{"line":35,"column":10},"end":{"line":35,"column":76}},"type":"binary-expr","locations":[{"start":{"line":35,"column":10},"end":{"line":35,"column":34}},{"start":{"line":35,"column":38},"end":{"line":35,"column":76}}],"line":35},"2":{"loc":{"start":{"line":42,"column":4},"end":{"line":59,"column":5}},"type":"if","locations":[{"start":{"line":42,"column":4},"end":{"line":59,"column":5}},{"start":{"line":44,"column":11},"end":{"line":59,"column":5}}],"line":42},"3":{"loc":{"start":{"line":63,"column":2},"end":{"line":69,"column":3}},"type":"if","locations":[{"start":{"line":63,"column":2},"end":{"line":69,"column":3}},{"start":{},"end":{}}],"line":63}},"s":{"0":4,"1":10,"2":9,"3":9,"4":9,"5":9,"6":9,"7":9,"8":9,"9":9,"10":3,"11":1,"12":1,"13":9,"14":1,"15":1,"16":1,"17":0,"18":0,"19":1,"20":1,"21":0,"22":1,"23":1,"24":1,"25":1,"26":1,"27":9,"28":1,"29":8,"30":1,"31":1,"32":1,"33":1,"34":1,"35":0,"36":0,"37":0,"38":0,"39":4},"f":{"0":10,"1":3,"2":1,"3":1,"4":1,"5":0,"6":1,"7":1,"8":1,"9":1,"10":1,"11":0,"12":0,"13":0,"14":0},"b":{"0":[0,0],"1":[0,0],"2":[0,1],"3":[1,8]},"_coverageSchema":"1a1c01bbd47fc00a2c39e90264f33305004495a9","hash":"c2bbbbc8478b693da392a59c8c0b6c4f29a1907a"}
,"C:\\react-course-dec-2022\\spark-clothing-shop\\src\\routes\\appRoutes.js": {"path":"C:\\react-course-dec-2022\\spark-clothing-shop\\src\\routes\\appRoutes.js","statementMap":{"0":{"start":{"line":9,"column":18},"end":{"line":9,"column":74}},"1":{"start":{"line":9,"column":35},"end":{"line":9,"column":73}},"2":{"start":{"line":11,"column":18},"end":{"line":37,"column":1}},"3":{"start":{"line":12,"column":2},"end":{"line":36,"column":4}}},"fnMap":{"0":{"name":"(anonymous_0)","decl":{"start":{"line":9,"column":29},"end":{"line":9,"column":30}},"loc":{"start":{"line":9,"column":35},"end":{"line":9,"column":73}},"line":9},"1":{"name":"(anonymous_1)","decl":{"start":{"line":11,"column":18},"end":{"line":11,"column":19}},"loc":{"start":{"line":11,"column":24},"end":{"line":37,"column":1}},"line":11}},"branchMap":{},"s":{"0":2,"1":1,"2":2,"3":8},"f":{"0":1,"1":8},"b":{},"_coverageSchema":"1a1c01bbd47fc00a2c39e90264f33305004495a9","hash":"1e96c02d0bbf5ae028711c06f74419ee5dfd53bd"}
}
