TN:
SF:src\App.js
FN:8,App
FNF:1
FNH:1
FNDA:1,App
DA:9,1
LF:1
LH:1
BRF:0
BRH:0
end_of_record
TN:
SF:src\components\Footer\Footer.js
FN:9,(anonymous_0)
FNF:1
FNH:1
FNDA:2,(anonymous_0)
DA:9,2
DA:10,2
DA:12,2
DA:13,2
DA:58,2
DA:62,2
LF:6
LH:6
BRF:0
BRH:0
end_of_record
TN:
SF:src\components\Header\Header.js
FN:8,Header
FNF:1
FNH:1
FNDA:2,Header
DA:10,2
LF:1
LH:1
BRF:0
BRH:0
end_of_record
TN:
SF:src\components\NavBar\MenuItem.js
FN:6,(anonymous_0)
FNF:1
FNH:1
FNDA:9,(anonymous_0)
DA:6,3
DA:7,9
DA:20,3
LF:3
LH:3
BRF:0
BRH:0
end_of_record
TN:
SF:src\components\NavBar\NavBar.js
FN:41,(anonymous_0)
FN:46,(anonymous_1)
FNF:2
FNH:2
FNDA:2,(anonymous_0)
FNDA:8,(anonymous_1)
DA:11,2
DA:41,2
DA:42,2
DA:47,8
LF:4
LH:4
BRF:0
BRH:0
end_of_record
TN:
SF:src\pages\AboutPage\AboutPage.js
FN:8,(anonymous_0)
FN:16,(anonymous_1)
FN:18,(anonymous_2)
FN:21,(anonymous_3)
FNF:4
FNH:4
FNDA:4,(anonymous_0)
FNDA:3,(anonymous_1)
FNDA:2,(anonymous_2)
FNDA:1,(anonymous_3)
DA:8,2
DA:9,4
DA:11,4
DA:16,4
DA:17,3
DA:19,2
DA:22,1
DA:27,4
DA:28,1
DA:31,3
LF:10
LH:10
BRDA:27,0,0,1
BRDA:27,0,1,3
BRF:2
BRH:2
end_of_record
TN:
SF:src\pages\ContactUsPage\ContactUsPage.js
FN:8,(anonymous_0)
FN:17,(anonymous_1)
FN:19,(anonymous_2)
FN:22,(anonymous_3)
FN:25,(anonymous_4)
FN:40,(anonymous_5)
FN:151,(anonymous_6)
FNF:7
FNH:7
FNDA:20,(anonymous_0)
FNDA:15,(anonymous_1)
FNDA:2,(anonymous_2)
FNDA:2,(anonymous_3)
FNDA:1,(anonymous_4)
FNDA:1,(anonymous_5)
FNDA:2,(anonymous_6)
DA:8,3
DA:9,20
DA:11,19
DA:17,19
DA:18,15
DA:20,2
DA:23,2
DA:26,1
DA:32,19
DA:42,1
DA:43,1
DA:50,1
DA:55,19
DA:56,1
DA:66,18
DA:153,2
LF:16
LH:16
BRDA:55,0,0,1
BRDA:55,0,1,18
BRF:2
BRH:2
end_of_record
TN:
SF:src\pages\HomePage\HomePage.js
FN:9,(anonymous_0)
FNF:1
FNH:1
FNDA:4,(anonymous_0)
DA:9,3
DA:11,4
DA:13,4
LF:3
LH:3
BRF:0
BRH:0
end_of_record
TN:
SF:src\pages\PageNotFound\PageNotFound.js
FN:6,(anonymous_0)
FNF:1
FNH:1
FNDA:2,(anonymous_0)
DA:6,3
DA:7,2
LF:2
LH:2
BRF:0
BRH:0
end_of_record
TN:
SF:src\pages\Products\Products.js
FN:7,(anonymous_0)
FN:15,(anonymous_1)
FN:17,(anonymous_2)
FN:21,(anonymous_3)
FN:43,(anonymous_4)
FN:45,(anonymous_5)
FN:51,(anonymous_6)
FN:61,(anonymous_7)
FN:81,(anonymous_8)
FN:88,(anonymous_9)
FN:95,(anonymous_10)
FN:102,(anonymous_11)
FN:110,(anonymous_12)
FNF:13
FNH:13
FNDA:18,(anonymous_0)
FNDA:6,(anonymous_1)
FNDA:5,(anonymous_2)
FNDA:1,(anonymous_3)
FNDA:1,(anonymous_4)
FNDA:1,(anonymous_5)
FNDA:3,(anonymous_6)
FNDA:3,(anonymous_7)
FNDA:1,(anonymous_8)
FNDA:1,(anonymous_9)
FNDA:1,(anonymous_10)
FNDA:1,(anonymous_11)
FNDA:15,(anonymous_12)
DA:7,3
DA:9,18
DA:10,17
DA:12,17
DA:15,17
DA:16,6
DA:18,5
DA:22,1
DA:34,17
DA:35,1
DA:43,16
DA:44,1
DA:45,1
DA:46,1
DA:51,16
DA:52,3
DA:53,3
DA:54,1
DA:55,2
DA:56,1
DA:57,1
DA:58,1
DA:60,3
DA:62,3
DA:72,16
DA:81,1
DA:88,1
DA:95,1
DA:102,1
DA:119,15
LF:30
LH:30
BRDA:34,0,0,1
BRDA:34,0,1,16
BRDA:52,1,0,3
BRDA:52,1,1,0
BRDA:53,2,0,1
BRDA:53,2,1,2
BRDA:55,3,0,1
BRDA:55,3,1,1
BRDA:57,4,0,1
BRDA:57,4,1,0
BRF:10
BRH:8
end_of_record
TN:
SF:src\pages\Products\ProductDetails\ProductDetails.js
FN:6,(anonymous_0)
FN:14,(anonymous_1)
FN:17,(anonymous_2)
FN:22,(anonymous_3)
FN:29,(anonymous_4)
FN:42,(anonymous_5)
FN:97,(anonymous_6)
FN:107,(anonymous_7)
FN:136,(anonymous_8)
FNF:9
FNH:7
FNDA:8,(anonymous_0)
FNDA:3,(anonymous_1)
FNDA:2,(anonymous_2)
FNDA:1,(anonymous_3)
FNDA:2,(anonymous_4)
FNDA:1,(anonymous_5)
FNDA:0,(anonymous_6)
FNDA:2,(anonymous_7)
FNDA:0,(anonymous_8)
DA:6,3
DA:7,8
DA:8,7
DA:9,7
DA:10,7
DA:11,7
DA:12,7
DA:14,7
DA:16,3
DA:19,2
DA:20,2
DA:23,1
DA:24,1
DA:28,3
DA:32,2
DA:33,2
DA:34,2
DA:35,2
DA:37,0
DA:38,0
DA:39,0
DA:43,1
DA:44,1
DA:45,1
DA:46,1
DA:51,7
DA:52,4
DA:58,3
DA:59,1
DA:66,2
DA:97,0
DA:108,2
DA:136,0
LF:33
LH:28
BRDA:32,0,0,2
BRDA:32,0,1,0
BRDA:51,1,0,4
BRDA:51,1,1,3
BRDA:58,2,0,1
BRDA:58,2,1,2
BRDA:133,3,0,2
BRDA:133,3,1,0
BRF:8
BRH:6
end_of_record
TN:
SF:src\pages\Products\ProductsFeedback\ProductsFeedback.js
FN:8,(anonymous_0)
FN:19,(anonymous_1)
FN:21,(anonymous_2)
FN:25,(anonymous_3)
FN:30,(anonymous_4)
FN:34,(anonymous_5)
FN:114,(anonymous_6)
FN:127,(anonymous_7)
FN:140,(anonymous_8)
FN:153,(anonymous_9)
FN:164,(anonymous_10)
FN:175,(anonymous_11)
FN:186,(anonymous_12)
FN:197,(anonymous_13)
FN:208,(anonymous_14)
FNF:15
FNH:10
FNDA:10,(anonymous_0)
FNDA:3,(anonymous_1)
FNDA:1,(anonymous_2)
FNDA:1,(anonymous_3)
FNDA:1,(anonymous_4)
FNDA:0,(anonymous_5)
FNDA:1,(anonymous_6)
FNDA:1,(anonymous_7)
FNDA:1,(anonymous_8)
FNDA:1,(anonymous_9)
FNDA:1,(anonymous_10)
FNDA:0,(anonymous_11)
FNDA:0,(anonymous_12)
FNDA:0,(anonymous_13)
FNDA:0,(anonymous_14)
DA:8,4
DA:9,10
DA:10,9
DA:11,9
DA:12,9
DA:13,9
DA:14,9
DA:15,9
DA:16,9
DA:19,9
DA:20,3
DA:23,1
DA:26,1
DA:30,9
DA:31,1
DA:32,1
DA:34,1
DA:35,0
DA:36,0
DA:39,1
DA:42,1
DA:43,0
DA:45,1
DA:46,1
DA:49,1
DA:56,1
DA:57,1
DA:63,9
DA:64,1
DA:71,8
DA:114,1
DA:127,1
DA:140,1
DA:153,1
DA:164,1
DA:175,0
DA:186,0
DA:197,0
DA:208,0
DA:242,4
LF:40
LH:33
BRDA:35,0,0,0
BRDA:35,0,1,0
BRDA:35,1,0,0
BRDA:35,1,1,0
BRDA:42,2,0,0
BRDA:42,2,1,1
BRDA:63,3,0,1
BRDA:63,3,1,8
BRF:8
BRH:3
end_of_record
TN:
SF:src\routes\appRoutes.js
FN:9,(anonymous_0)
FN:11,(anonymous_1)
FNF:2
FNH:2
FNDA:1,(anonymous_0)
FNDA:8,(anonymous_1)
DA:9,2
DA:11,2
DA:12,8
LF:3
LH:3
BRF:0
BRH:0
end_of_record
